<?xml version="1.0" encoding="UTF-8"?>
<testsuite xmlns:xsi="http://www.w3.org/2001/XMLSchema-instance" xsi:noNamespaceSchemaLocation="https://maven.apache.org/surefire/maven-surefire-plugin/xsd/surefire-test-report-3.0.xsd" version="3.0" name="edu.postech.csed332.homework5.ExpTest" time="0.072" tests="10" errors="0" skipped="0" failures="0">
  <properties>
    <property name="java.specification.version" value="14"/>
    <property name="sun.jnu.encoding" value="UTF-8"/>
    <property name="java.class.path" value="/Users/kimdaeho/Desktop/SD/homework5/target/test-classes:/Users/kimdaeho/Desktop/SD/homework5/target/classes:/Users/kimdaeho/.m2/repository/org/jetbrains/annotations/20.1.0/annotations-20.1.0.jar:/Users/kimdaeho/.m2/repository/org/antlr/antlr4-runtime/4.8-1/antlr4-runtime-4.8-1.jar:/Users/kimdaeho/.m2/repository/org/junit/jupiter/junit-jupiter/5.7.0/junit-jupiter-5.7.0.jar:/Users/kimdaeho/.m2/repository/org/junit/jupiter/junit-jupiter-api/5.7.0/junit-jupiter-api-5.7.0.jar:/Users/kimdaeho/.m2/repository/org/opentest4j/opentest4j/1.2.0/opentest4j-1.2.0.jar:/Users/kimdaeho/.m2/repository/org/junit/platform/junit-platform-commons/1.7.0/junit-platform-commons-1.7.0.jar:/Users/kimdaeho/.m2/repository/org/junit/jupiter/junit-jupiter-params/5.7.0/junit-jupiter-params-5.7.0.jar:/Users/kimdaeho/.m2/repository/org/junit/jupiter/junit-jupiter-engine/5.7.0/junit-jupiter-engine-5.7.0.jar:/Users/kimdaeho/.m2/repository/org/junit/vintage/junit-vintage-engine/5.7.0/junit-vintage-engine-5.7.0.jar:/Users/kimdaeho/.m2/repository/org/apiguardian/apiguardian-api/1.1.0/apiguardian-api-1.1.0.jar:/Users/kimdaeho/.m2/repository/org/junit/platform/junit-platform-engine/1.7.0/junit-platform-engine-1.7.0.jar:/Users/kimdaeho/.m2/repository/junit/junit/4.13/junit-4.13.jar:/Users/kimdaeho/.m2/repository/com/pholser/junit-quickcheck-core/0.9/junit-quickcheck-core-0.9.jar:/Users/kimdaeho/.m2/repository/org/hamcrest/hamcrest-core/1.3/hamcrest-core-1.3.jar:/Users/kimdaeho/.m2/repository/org/javaruntype/javaruntype/1.3/javaruntype-1.3.jar:/Users/kimdaeho/.m2/repository/org/antlr/antlr-runtime/3.1.2/antlr-runtime-3.1.2.jar:/Users/kimdaeho/.m2/repository/ognl/ognl/3.1.12/ognl-3.1.12.jar:/Users/kimdaeho/.m2/repository/org/javassist/javassist/3.20.0-GA/javassist-3.20.0-GA.jar:/Users/kimdaeho/.m2/repository/ru/vyarus/generics-resolver/2.0.1/generics-resolver-2.0.1.jar:/Users/kimdaeho/.m2/repository/org/slf4j/slf4j-api/1.7.25/slf4j-api-1.7.25.jar:/Users/kimdaeho/.m2/repository/com/pholser/junit-quickcheck-generators/0.9/junit-quickcheck-generators-0.9.jar:/Users/kimdaeho/.m2/repository/com/fathzer/javaluator/3.0.3/javaluator-3.0.3.jar:/Users/kimdaeho/.m2/repository/org/slf4j/slf4j-simple/1.7.28/slf4j-simple-1.7.28.jar:"/>
    <property name="java.vm.vendor" value="Oracle Corporation"/>
    <property name="sun.arch.data.model" value="64"/>
    <property name="java.vendor.url" value="https://openjdk.java.net/"/>
    <property name="os.name" value="Mac OS X"/>
    <property name="java.vm.specification.version" value="14"/>
    <property name="sun.java.launcher" value="SUN_STANDARD"/>
    <property name="user.country" value="KR"/>
    <property name="sun.boot.library.path" value="/usr/local/Cellar/openjdk/14.0.1/libexec/openjdk.jdk/Contents/Home/lib"/>
    <property name="sun.java.command" value="/Users/kimdaeho/Desktop/SD/homework5/target/surefire/surefirebooter6960401890628923181.jar /Users/kimdaeho/Desktop/SD/homework5/target/surefire 2020-10-25T05-01-29_261-jvmRun1 surefire4155115653037659343tmp surefire_07332925928792910907tmp"/>
    <property name="http.nonProxyHosts" value="local|*.local|169.254/16|*.169.254/16"/>
    <property name="jdk.debug" value="release"/>
    <property name="surefire.test.class.path" value="/Users/kimdaeho/Desktop/SD/homework5/target/test-classes:/Users/kimdaeho/Desktop/SD/homework5/target/classes:/Users/kimdaeho/.m2/repository/org/jetbrains/annotations/20.1.0/annotations-20.1.0.jar:/Users/kimdaeho/.m2/repository/org/antlr/antlr4-runtime/4.8-1/antlr4-runtime-4.8-1.jar:/Users/kimdaeho/.m2/repository/org/junit/jupiter/junit-jupiter/5.7.0/junit-jupiter-5.7.0.jar:/Users/kimdaeho/.m2/repository/org/junit/jupiter/junit-jupiter-api/5.7.0/junit-jupiter-api-5.7.0.jar:/Users/kimdaeho/.m2/repository/org/opentest4j/opentest4j/1.2.0/opentest4j-1.2.0.jar:/Users/kimdaeho/.m2/repository/org/junit/platform/junit-platform-commons/1.7.0/junit-platform-commons-1.7.0.jar:/Users/kimdaeho/.m2/repository/org/junit/jupiter/junit-jupiter-params/5.7.0/junit-jupiter-params-5.7.0.jar:/Users/kimdaeho/.m2/repository/org/junit/jupiter/junit-jupiter-engine/5.7.0/junit-jupiter-engine-5.7.0.jar:/Users/kimdaeho/.m2/repository/org/junit/vintage/junit-vintage-engine/5.7.0/junit-vintage-engine-5.7.0.jar:/Users/kimdaeho/.m2/repository/org/apiguardian/apiguardian-api/1.1.0/apiguardian-api-1.1.0.jar:/Users/kimdaeho/.m2/repository/org/junit/platform/junit-platform-engine/1.7.0/junit-platform-engine-1.7.0.jar:/Users/kimdaeho/.m2/repository/junit/junit/4.13/junit-4.13.jar:/Users/kimdaeho/.m2/repository/com/pholser/junit-quickcheck-core/0.9/junit-quickcheck-core-0.9.jar:/Users/kimdaeho/.m2/repository/org/hamcrest/hamcrest-core/1.3/hamcrest-core-1.3.jar:/Users/kimdaeho/.m2/repository/org/javaruntype/javaruntype/1.3/javaruntype-1.3.jar:/Users/kimdaeho/.m2/repository/org/antlr/antlr-runtime/3.1.2/antlr-runtime-3.1.2.jar:/Users/kimdaeho/.m2/repository/ognl/ognl/3.1.12/ognl-3.1.12.jar:/Users/kimdaeho/.m2/repository/org/javassist/javassist/3.20.0-GA/javassist-3.20.0-GA.jar:/Users/kimdaeho/.m2/repository/ru/vyarus/generics-resolver/2.0.1/generics-resolver-2.0.1.jar:/Users/kimdaeho/.m2/repository/org/slf4j/slf4j-api/1.7.25/slf4j-api-1.7.25.jar:/Users/kimdaeho/.m2/repository/com/pholser/junit-quickcheck-generators/0.9/junit-quickcheck-generators-0.9.jar:/Users/kimdaeho/.m2/repository/com/fathzer/javaluator/3.0.3/javaluator-3.0.3.jar:/Users/kimdaeho/.m2/repository/org/slf4j/slf4j-simple/1.7.28/slf4j-simple-1.7.28.jar:"/>
    <property name="sun.cpu.endian" value="little"/>
    <property name="user.home" value="/Users/kimdaeho"/>
    <property name="user.language" value="ko"/>
    <property name="java.specification.vendor" value="Oracle Corporation"/>
    <property name="java.version.date" value="2020-04-14"/>
    <property name="java.home" value="/usr/local/Cellar/openjdk/14.0.1/libexec/openjdk.jdk/Contents/Home"/>
    <property name="file.separator" value="/"/>
    <property name="basedir" value="/Users/kimdaeho/Desktop/SD/homework5"/>
    <property name="java.vm.compressedOopsMode" value="Zero based"/>
    <property name="line.separator" value="&#10;"/>
    <property name="java.specification.name" value="Java Platform API Specification"/>
    <property name="java.vm.specification.vendor" value="Oracle Corporation"/>
    <property name="surefire.real.class.path" value="/Users/kimdaeho/Desktop/SD/homework5/target/surefire/surefirebooter6960401890628923181.jar"/>
    <property name="sun.management.compiler" value="HotSpot 64-Bit Tiered Compilers"/>
    <property name="ftp.nonProxyHosts" value="local|*.local|169.254/16|*.169.254/16"/>
    <property name="java.runtime.version" value="14.0.1+14"/>
    <property name="user.name" value="kimdaeho"/>
    <property name="path.separator" value=":"/>
    <property name="os.version" value="10.15.6"/>
    <property name="java.runtime.name" value="OpenJDK Runtime Environment"/>
    <property name="file.encoding" value="UTF-8"/>
    <property name="java.vm.name" value="OpenJDK 64-Bit Server VM"/>
    <property name="localRepository" value="/Users/kimdaeho/.m2/repository"/>
    <property name="java.vendor.url.bug" value="https://bugreport.java.com/bugreport/"/>
    <property name="java.io.tmpdir" value="/var/folders/18/n6vf4j1d3md4q9x8cnq7g5cm0000gn/T/"/>
    <property name="java.version" value="14.0.1"/>
    <property name="user.dir" value="/Users/kimdaeho/Desktop/SD/homework5"/>
    <property name="os.arch" value="x86_64"/>
    <property name="java.vm.specification.name" value="Java Virtual Machine Specification"/>
    <property name="java.library.path" value="/Users/kimdaeho/Library/Java/Extensions:/Library/Java/Extensions:/Network/Library/Java/Extensions:/System/Library/Java/Extensions:/usr/lib/java:."/>
    <property name="java.vm.info" value="mixed mode, sharing"/>
    <property name="java.vendor" value="N/A"/>
    <property name="java.vm.version" value="14.0.1+14"/>
    <property name="sun.io.unicode.encoding" value="UnicodeBig"/>
    <property name="socksNonProxyHosts" value="local|*.local|169.254/16|*.169.254/16"/>
    <property name="java.class.version" value="58.0"/>
  </properties>
  <testcase name="testToStringAndEvaluation" classname="edu.postech.csed332.homework5.ExpTest" time="0.048"/>
  <testcase name="testPrettyPrintDecoration" classname="edu.postech.csed332.homework5.ExpTest" time="0.002"/>
  <testcase name="testDefaultValueDecoration" classname="edu.postech.csed332.homework5.ExpTest" time="0.001"/>
  <testcase name="testToString" classname="edu.postech.csed332.homework5.ExpTest" time="0.001"/>
  <testcase name="testEquivalenceWrong" classname="edu.postech.csed332.homework5.ExpTest" time="0.001"/>
  <testcase name="testEquivalence" classname="edu.postech.csed332.homework5.ExpTest" time="0.001"/>
  <testcase name="testPrettyPrintAndDefaultValueDecoration" classname="edu.postech.csed332.homework5.ExpTest" time="0"/>
  <testcase name="testRenamingEquivDecoration" classname="edu.postech.csed332.homework5.ExpTest" time="0.001"/>
  <testcase name="testEvaluation" classname="edu.postech.csed332.homework5.ExpTest" time="0.001"/>
  <testcase name="testDefaultValueAndRenamingEquivDecoration" classname="edu.postech.csed332.homework5.ExpTest" time="0.001"/>
</testsuite>