<?xml version="1.0" encoding="UTF-8"?>
<testsuite xmlns:xsi="http://www.w3.org/2001/XMLSchema-instance" xsi:noNamespaceSchemaLocation="https://maven.apache.org/surefire/maven-surefire-plugin/xsd/surefire-test-report-3.0.xsd" version="3.0" name="edu.postech.csed332.homework2.CollectionTest" time="0.029" tests="8" errors="0" skipped="0" failures="0">
  <properties>
    <property name="java.specification.version" value="13"/>
    <property name="sun.cpu.isalist" value="amd64"/>
    <property name="sun.jnu.encoding" value="MS949"/>
    <property name="java.class.path" value="D:\Desktop\POSTECH\CSE\SD\HW\homework2\problem1\target\test-classes;D:\Desktop\POSTECH\CSE\SD\HW\homework2\problem1\target\classes;C:\Users\kimda\.m2\repository\org\json\json\20190722\json-20190722.jar;C:\Users\kimda\.m2\repository\org\junit\jupiter\junit-jupiter-api\5.6.2\junit-jupiter-api-5.6.2.jar;C:\Users\kimda\.m2\repository\org\apiguardian\apiguardian-api\1.1.0\apiguardian-api-1.1.0.jar;C:\Users\kimda\.m2\repository\org\opentest4j\opentest4j\1.2.0\opentest4j-1.2.0.jar;C:\Users\kimda\.m2\repository\org\junit\platform\junit-platform-commons\1.6.2\junit-platform-commons-1.6.2.jar;"/>
    <property name="java.vm.vendor" value="Oracle Corporation"/>
    <property name="sun.arch.data.model" value="64"/>
    <property name="user.variant" value=""/>
    <property name="java.vendor.url" value="https://java.oracle.com/"/>
    <property name="user.timezone" value="Asia/Seoul"/>
    <property name="os.name" value="Windows 10"/>
    <property name="java.vm.specification.version" value="13"/>
    <property name="sun.java.launcher" value="SUN_STANDARD"/>
    <property name="user.country" value="KR"/>
    <property name="sun.boot.library.path" value="C:\Program Files\JAVA\jdk-13\bin"/>
    <property name="sun.java.command" value="C:\Users\kimda\AppData\Local\Temp\surefire13767878831403021410\surefirebooter17969167778039703104.jar C:\Users\kimda\AppData\Local\Temp\surefire13767878831403021410 2020-09-28T03-48-13_640-jvmRun1 surefire8252127107984954550tmp surefire_07216988474073929176tmp"/>
    <property name="jdk.debug" value="release"/>
    <property name="surefire.test.class.path" value="D:\Desktop\POSTECH\CSE\SD\HW\homework2\problem1\target\test-classes;D:\Desktop\POSTECH\CSE\SD\HW\homework2\problem1\target\classes;C:\Users\kimda\.m2\repository\org\json\json\20190722\json-20190722.jar;C:\Users\kimda\.m2\repository\org\junit\jupiter\junit-jupiter-api\5.6.2\junit-jupiter-api-5.6.2.jar;C:\Users\kimda\.m2\repository\org\apiguardian\apiguardian-api\1.1.0\apiguardian-api-1.1.0.jar;C:\Users\kimda\.m2\repository\org\opentest4j\opentest4j\1.2.0\opentest4j-1.2.0.jar;C:\Users\kimda\.m2\repository\org\junit\platform\junit-platform-commons\1.6.2\junit-platform-commons-1.6.2.jar;"/>
    <property name="sun.cpu.endian" value="little"/>
    <property name="user.home" value="C:\Users\kimda"/>
    <property name="user.language" value="ko"/>
    <property name="java.specification.vendor" value="Oracle Corporation"/>
    <property name="java.version.date" value="2019-09-17"/>
    <property name="java.home" value="C:\Program Files\JAVA\jdk-13"/>
    <property name="file.separator" value="\"/>
    <property name="basedir" value="D:\Desktop\POSTECH\CSE\SD\HW\homework2\problem1"/>
    <property name="java.vm.compressedOopsMode" value="32-bit"/>
    <property name="line.separator" value="&#10;"/>
    <property name="java.vm.specification.vendor" value="Oracle Corporation"/>
    <property name="java.specification.name" value="Java Platform API Specification"/>
    <property name="surefire.real.class.path" value="C:\Users\kimda\AppData\Local\Temp\surefire13767878831403021410\surefirebooter17969167778039703104.jar"/>
    <property name="user.script" value=""/>
    <property name="sun.management.compiler" value="HotSpot 64-Bit Tiered Compilers"/>
    <property name="java.runtime.version" value="13+33"/>
    <property name="user.name" value="daeho"/>
    <property name="path.separator" value=";"/>
    <property name="os.version" value="10.0"/>
    <property name="java.runtime.name" value="Java(TM) SE Runtime Environment"/>
    <property name="file.encoding" value="MS949"/>
    <property name="java.vm.name" value="Java HotSpot(TM) 64-Bit Server VM"/>
    <property name="localRepository" value="C:\Users\kimda\.m2\repository"/>
    <property name="java.vendor.url.bug" value="https://bugreport.java.com/bugreport/"/>
    <property name="java.io.tmpdir" value="C:\Users\kimda\AppData\Local\Temp\"/>
    <property name="java.version" value="13"/>
    <property name="user.dir" value="D:\Desktop\POSTECH\CSE\SD\HW\homework2\problem1"/>
    <property name="os.arch" value="amd64"/>
    <property name="java.vm.specification.name" value="Java Virtual Machine Specification"/>
    <property name="sun.os.patch.level" value=""/>
    <property name="java.library.path" value="C:\Program Files\JAVA\jdk-13\bin;C:\WINDOWS\Sun\Java\bin;C:\WINDOWS\system32;C:\WINDOWS;C:\Program Files (x86)\Intel\iCLS Client\;C:\Program Files\Intel\iCLS Client\;C:\Windows\system32;C:\Windows;C:\Windows\System32\Wbem;C:\Windows\System32\WindowsPowerShell\v1.0\;C:\Windows\System32\OpenSSH\;C:\Program Files (x86)\Intel\Intel(R) Management Engine Components\DAL;C:\Program Files\Intel\Intel(R) Management Engine Components\DAL;C:\Program Files (x86)\Intel\Intel(R) Management Engine Components\IPT;C:\Program Files\Intel\Intel(R) Management Engine Components\IPT;C:\Program Files (x86)\NVIDIA Corporation\PhysX\Common;C:\Program Files\Intel\WiFi\bin\;C:\Program Files\Common Files\Intel\WirelessCommon\;C:\WINDOWS\system32;C:\WINDOWS;C:\WINDOWS\System32\Wbem;C:\WINDOWS\System32\WindowsPowerShell\v1.0\;C:\Program Files\Git\cmd;C:\Program Files\JAVA\jdk-13\bin;C:\Program Files\PuTTY\;C:\Users\kimda\apache-maven-3.6.3\bin;C:\Users\kimda\AppData\Local\Programs\Python\Python37\Scripts\;C:\Users\kimda\AppData\Local\Programs\Python\Python37\;C:\Users\kimda\AppData\Local\Microsoft\WindowsApps;C:\Program Files\JetBrains\PyCharm Community Edition 2019.2.4\bin;C:\Users\kimda\AppData\Local\Microsoft\WindowsApps;;C:\Users\kimda\AppData\Local\Programs\Microsoft VS Code\bin;."/>
    <property name="java.vm.info" value="mixed mode, sharing"/>
    <property name="java.vendor" value="Oracle Corporation"/>
    <property name="java.vm.version" value="13+33"/>
    <property name="sun.io.unicode.encoding" value="UnicodeLittle"/>
    <property name="java.class.version" value="57.0"/>
  </properties>
  <testcase name="testGetBooksByCollection" classname="edu.postech.csed332.homework2.CollectionTest" time="0.004"/>
  <testcase name="testGetBooksByAuthor" classname="edu.postech.csed332.homework2.CollectionTest" time="0.002"/>
  <testcase name="testRestoreCollection" classname="edu.postech.csed332.homework2.CollectionTest" time="0.004"/>
  <testcase name="testAddElement" classname="edu.postech.csed332.homework2.CollectionTest" time="0.003"/>
  <testcase name="testGetName" classname="edu.postech.csed332.homework2.CollectionTest" time="0.001"/>
  <testcase name="testDeleteElements" classname="edu.postech.csed332.homework2.CollectionTest" time="0.001"/>
  <testcase name="testGetStringRepresentation" classname="edu.postech.csed332.homework2.CollectionTest" time="0.002"/>
  <testcase name="testGetElements" classname="edu.postech.csed332.homework2.CollectionTest" time="0.001"/>
</testsuite>